<?xml version="1.0" encoding="UTF-8"?>
<!-- Generated by org.testng.reporters.JUnitReportReporter -->
<testsuite hostname="BDC8-L-C3DTFY1" name="Regression_Utilities.HPETest" tests="1" failures="0" timestamp="19 May 2017 10:33:28 GMT" time="84.911" errors="0">
  <testcase name="TC_135_ValidateErrorMessageForWrongPassword" time="84.911" classname="Regression_Utilities.HPETest"/>
</testsuite> <!-- Regression_Utilities.HPETest -->
